\BOOKMARK [0][-]{chapter.1}{\376\377\000T\000h\000e\000\040\000C\000o\000r\000i\000o\000l\000i\000s\000\040\000E\000f\000f\000e\000c\000t}{}% 1
\BOOKMARK [1][-]{section.1.1}{\376\377\000V\000e\000c\000t\000o\000r}{chapter.1}% 2
\BOOKMARK [1][-]{section.1.2}{\376\377\000C\000r\000o\000s\000s\000\040\000P\000r\000o\000d\000u\000c\000t}{chapter.1}% 3
\BOOKMARK [1][-]{section.1.3}{\376\377\000D\000e\000f\000i\000n\000i\000t\000i\000o\000n}{chapter.1}% 4
\BOOKMARK [1][-]{section.1.4}{\376\377\000E\000x\000a\000m\000p\000l\000e\000\040\000C\000a\000l\000c\000u\000l\000a\000t\000i\000o\000n}{chapter.1}% 5
\BOOKMARK [1][-]{section.1.5}{\376\377\000C\000o\000n\000s\000t\000r\000a\000i\000n\000t\000s}{chapter.1}% 6
\BOOKMARK [1][-]{section.1.6}{\376\377\000L\000a\000t\000i\000t\000u\000d\000e\000\040\000\050\000\051}{chapter.1}% 7
\BOOKMARK [1][-]{section.1.7}{\376\377\000C\000u\000r\000v\000a\000t\000u\000r\000e\000\040\000\050\000\051}{chapter.1}% 8
\BOOKMARK [1][-]{section.1.8}{\376\377\000W\000h\000i\000c\000h\000\040\000W\000a\000y\000?}{chapter.1}% 9
\BOOKMARK [0][-]{chapter.2}{\376\377\000A\000c\000i\000d\000s\000\040\000\046\000\040\000B\000a\000s\000e\000s}{}% 10
\BOOKMARK [1][-]{section.2.1}{\376\377\000C\000o\000n\000j\000u\000g\000a\000t\000e\000\040\000P\000a\000i\000r\000s}{chapter.2}% 11
\BOOKMARK [1][-]{section.2.2}{\376\377\000S\000t\000r\000o\000n\000g\000\040\000\046\000\040\000W\000e\000a\000k\000\040\000S\000p\000e\000c\000i\000e\000s}{chapter.2}% 12
\BOOKMARK [0][-]{chapter.3}{\376\377\000I\000n\000o\000r\000g\000a\000n\000i\000c\000\040\000C\000a\000r\000b\000o\000n\000\040\000C\000y\000c\000l\000e}{}% 13
\BOOKMARK [1][-]{section.3.1}{\376\377\000E\000q\000u\000i\000l\000i\000b\000r\000i\000a}{chapter.3}% 14
\BOOKMARK [1][-]{section.3.2}{\376\377\000D\000e\000r\000i\000v\000a\000t\000i\000o\000n}{chapter.3}% 15
\BOOKMARK [1][-]{section.3.3}{\376\377\000C\000a\000l\000c\000i\000u\000m}{chapter.3}% 16
\BOOKMARK [0][-]{chapter.4}{\376\377\000N\000i\000t\000r\000o\000g\000e\000n}{}% 17
\BOOKMARK [1][-]{section.4.1}{\376\377\000I\000s\000o\000t\000o\000p\000e\000\040\000F\000r\000a\000c\000t\000i\000o\000n\000a\000t\000i\000o\000n}{chapter.4}% 18
\BOOKMARK [1][-]{section.4.2}{\376\377\000D\000e\000r\000i\000v\000a\000t\000i\000o\000n}{chapter.4}% 19
\BOOKMARK [1][-]{section.4.3}{\376\377\000F\000r\000a\000c\000t\000i\000o\000n\000a\000t\000i\000o\000n\000\040\000o\000f\000\040\000P\000o\000o\000l\000s}{chapter.4}% 20
\BOOKMARK [1][-]{section.4.4}{\376\377\000M\000o\000t\000i\000v\000a\000t\000i\000o\000n}{chapter.4}% 21
\BOOKMARK [0][-]{chapter.5}{\376\377\000R\000e\000d\000o\000x}{}% 22
\BOOKMARK [1][-]{section.5.1}{\376\377\000I\000n\000t\000r\000o\000d\000u\000c\000t\000i\000o\000n}{chapter.5}% 23
\BOOKMARK [1][-]{section.5.2}{\376\377\000E\000n\000e\000r\000g\000y}{chapter.5}% 24
\BOOKMARK [1][-]{section.5.3}{\376\377\000E\000n\000v\000i\000r\000o\000n\000m\000e\000n\000t\000a\000l\000\040\000P\000a\000r\000a\000m\000e\000t\000e\000r}{chapter.5}% 25
\BOOKMARK [1][-]{section.5.4}{\376\377\000I\000r\000o\000n\000\040\000O\000x\000i\000d\000a\000t\000i\000o\000n}{chapter.5}% 26
